TN:
SF:src/App.tsx
FN:12,get
FN:4,App
FNF:2
FNH:2
FNDA:13,get
FNDA:13,App
DA:1,1
DA:2,1
DA:3,1
DA:4,13
DA:5,13
DA:6,13
DA:7,13
DA:8,13
DA:9,13
DA:10,13
DA:11,1
DA:12,1
LF:12
LH:12
BRDA:12,0,0,13
BRDA:4,1,0,13
BRF:2
BRH:2
end_of_record
TN:
SF:src/__tests__/mocks/questionMock.tsx
FN:37,get
FN:3,copies
FNF:2
FNH:2
FNDA:23,get
FNDA:3,copies
DA:1,1
DA:2,1
DA:3,1
DA:4,3
DA:5,3
DA:6,6
DA:7,6
DA:8,3
DA:9,3
DA:10,1
DA:11,1
DA:12,1
DA:13,1
DA:14,1
DA:15,1
DA:16,1
DA:17,1
DA:18,1
DA:19,1
DA:20,1
DA:21,1
DA:22,1
DA:23,1
DA:24,1
DA:25,1
DA:26,1
DA:27,1
DA:28,1
DA:29,1
DA:30,1
DA:31,1
DA:32,1
DA:33,1
DA:34,1
DA:35,1
DA:36,1
DA:37,1
LF:37
LH:37
BRDA:37,0,0,23
BRDA:3,1,0,3
BRDA:5,2,0,6
BRF:3
BRH:3
end_of_record
TN:
SF:src/__tests__/mocks/userMock.tsx
FNF:0
FNH:0
DA:1,1
DA:2,1
DA:3,1
DA:4,1
DA:5,1
DA:6,1
DA:7,1
DA:8,1
DA:9,1
DA:10,1
DA:11,1
DA:12,1
DA:13,1
DA:14,1
DA:15,1
DA:16,1
DA:17,1
DA:18,1
DA:19,1
LF:19
LH:19
BRF:0
BRH:0
end_of_record
TN:
SF:src/__tests__/mocks/server/handlers.tsx
FN:30,get
FNF:1
FNH:1
FNDA:3,get
DA:1,1
DA:2,1
DA:3,1
DA:4,1
DA:5,1
DA:6,1
DA:7,1
DA:8,1
DA:9,1
DA:10,1
DA:11,1
DA:12,1
DA:13,1
DA:14,1
DA:15,1
DA:16,1
DA:17,1
DA:18,14
DA:19,14
DA:20,1
DA:21,1
DA:22,8
DA:23,8
DA:24,1
DA:25,1
DA:26,8
DA:27,8
DA:28,1
DA:29,1
DA:30,1
LF:30
LH:30
BRDA:30,0,0,3
BRDA:13,1,0,1
BRDA:17,2,0,14
BRDA:21,3,0,8
BRDA:25,4,0,8
BRF:5
BRH:5
end_of_record
TN:
SF:src/__tests__/mocks/server/index.tsx
FN:6,get
FNF:1
FNH:1
FNDA:20,get
DA:1,1
DA:2,1
DA:3,1
DA:4,1
DA:5,1
DA:6,1
LF:6
LH:6
BRDA:6,0,0,20
BRF:1
BRH:1
end_of_record
TN:
SF:src/__tests__/utils/renderWithRouter.tsx
FN:11,renderWithRouter
FNF:1
FNH:1
FNDA:13,renderWithRouter
DA:1,1
DA:2,1
DA:3,1
DA:4,1
DA:5,1
DA:6,1
DA:7,1
DA:8,1
DA:9,1
DA:10,1
DA:11,1
DA:12,13
DA:13,13
DA:14,13
DA:15,13
DA:16,13
DA:17,13
DA:18,13
DA:19,13
DA:20,13
DA:21,13
DA:22,13
DA:23,13
DA:24,13
DA:25,13
DA:26,13
DA:27,1
DA:28,1
LF:28
LH:28
BRDA:11,0,0,13
BRF:1
BRH:1
end_of_record
TN:
SF:src/components/Footer.tsx
FN:1,get
FN:1,Footer
FNF:2
FNH:2
FNDA:32,get
FNDA:32,Footer
DA:1,1
DA:2,32
DA:3,32
DA:4,32
DA:5,32
DA:6,32
DA:7,32
DA:8,32
DA:9,32
LF:9
LH:9
BRDA:1,0,0,32
BRDA:1,1,0,32
BRF:2
BRH:2
end_of_record
TN:
SF:src/components/Header.tsx
FN:6,get
FN:6,Header
FNF:2
FNH:2
FNDA:32,get
FNDA:32,Header
DA:1,1
DA:2,1
DA:3,1
DA:4,1
DA:5,1
DA:6,1
DA:7,32
DA:8,32
DA:9,32
DA:10,32
DA:11,32
DA:12,32
DA:13,32
DA:14,32
DA:15,32
DA:16,32
DA:17,32
DA:18,32
DA:19,32
DA:20,32
LF:20
LH:20
BRDA:6,0,0,32
BRDA:6,1,0,32
BRF:2
BRH:2
end_of_record
TN:
SF:src/components/Pagination.tsx
FN:4,get
FN:4,Pagination
FN:12,handleChange
FNF:3
FNH:2
FNDA:13,get
FNDA:13,Pagination
FNDA:0,handleChange
DA:1,1
DA:2,1
DA:3,1
DA:4,1
DA:5,13
DA:6,13
DA:7,13
DA:8,13
DA:9,13
DA:10,13
DA:11,13
DA:12,13
DA:13,0
DA:14,0
DA:15,0
DA:16,13
DA:17,13
DA:18,13
DA:19,13
DA:20,13
DA:21,13
DA:22,13
DA:23,13
DA:24,13
DA:25,13
DA:26,13
DA:27,13
DA:28,13
DA:29,13
DA:30,13
DA:31,13
DA:32,13
DA:33,13
DA:34,13
DA:35,13
DA:36,13
DA:37,13
DA:38,13
DA:39,13
DA:40,13
DA:41,13
DA:42,13
DA:43,13
DA:44,13
DA:45,13
DA:46,13
DA:47,13
DA:48,13
DA:49,13
DA:50,13
LF:50
LH:47
BRDA:4,0,0,13
BRDA:4,1,0,13
BRDA:27,2,0,13
BRDA:30,3,0,0
BRF:4
BRH:3
end_of_record
TN:
SF:src/components/navButtons/NavHome.tsx
FN:4,get
FN:4,NavHome
FN:19,onClick
FNF:3
FNH:3
FNDA:32,get
FNDA:35,NavHome
FNDA:1,onClick
DA:1,1
DA:2,1
DA:3,1
DA:4,1
DA:5,35
DA:6,35
DA:7,35
DA:8,35
DA:9,35
DA:10,35
DA:11,35
DA:12,35
DA:13,35
DA:14,35
DA:15,2
DA:16,2
DA:17,2
DA:18,2
DA:19,2
DA:20,2
DA:21,2
DA:22,2
DA:23,2
DA:24,35
DA:25,35
DA:26,35
DA:27,35
LF:27
LH:27
BRDA:4,0,0,32
BRDA:4,1,0,35
BRDA:9,2,0,19
BRDA:14,3,0,19
BRDA:14,4,0,17
BRDA:14,5,0,2
BRDA:24,6,0,33
BRDA:19,7,0,1
BRF:8
BRH:8
end_of_record
TN:
SF:src/components/navButtons/NavLogin.tsx
FN:4,get
FN:4,NavLogin
FN:15,onClick
FN:22,onClick
FN:29,onClick
FNF:5
FNH:5
FNDA:32,get
FNDA:35,NavLogin
FNDA:1,onClick
FNDA:1,onClick
FNDA:1,onClick
DA:1,1
DA:2,1
DA:3,1
DA:4,1
DA:5,35
DA:6,35
DA:7,35
DA:8,35
DA:9,35
DA:10,35
DA:11,16
DA:12,16
DA:13,16
DA:14,16
DA:15,16
DA:16,16
DA:17,16
DA:18,16
DA:19,16
DA:20,16
DA:21,16
DA:22,16
DA:23,16
DA:24,16
DA:25,16
DA:26,16
DA:27,16
DA:28,16
DA:29,16
DA:30,16
DA:31,16
DA:32,16
DA:33,16
DA:34,35
DA:35,35
DA:36,35
DA:37,35
LF:37
LH:37
BRDA:4,0,0,32
BRDA:4,1,0,35
BRDA:10,2,0,16
BRDA:34,3,0,19
BRDA:15,4,0,1
BRDA:22,5,0,1
BRDA:29,6,0,1
BRF:7
BRH:7
end_of_record
TN:
SF:src/components/navButtons/NavMemberArea.tsx
FN:6,get
FN:6,NavMemberArea
FN:24,onClick
FN:32,onClick
FN:41,onClick
FN:48,onClick
FNF:6
FNH:6
FNDA:32,get
FNDA:40,NavMemberArea
FNDA:1,onClick
FNDA:1,onClick
FNDA:2,onClick
FNDA:1,onClick
DA:1,1
DA:2,1
DA:3,1
DA:4,1
DA:5,1
DA:6,1
DA:7,40
DA:8,40
DA:9,40
DA:10,40
DA:11,40
DA:12,40
DA:13,40
DA:14,40
DA:15,40
DA:16,40
DA:17,40
DA:18,40
DA:19,40
DA:20,7
DA:21,7
DA:22,7
DA:23,7
DA:24,7
DA:25,7
DA:26,7
DA:27,7
DA:28,7
DA:29,2
DA:30,2
DA:31,2
DA:32,2
DA:33,2
DA:34,2
DA:35,2
DA:36,7
DA:37,7
DA:38,5
DA:39,5
DA:40,5
DA:41,5
DA:42,5
DA:43,5
DA:44,5
DA:45,7
DA:46,7
DA:47,7
DA:48,7
DA:49,1
DA:50,1
DA:51,1
DA:52,1
DA:53,7
DA:54,7
DA:55,7
DA:56,7
DA:57,40
DA:58,40
DA:59,40
DA:60,40
LF:60
LH:60
BRDA:6,0,0,32
BRDA:6,1,0,40
BRDA:12,2,0,22
BRDA:15,3,0,5
BRDA:15,4,0,35
BRDA:19,5,0,7
BRDA:28,6,0,2
BRDA:36,7,0,5
BRDA:37,8,0,5
BRDA:45,9,0,2
BRDA:57,10,0,33
BRDA:24,11,0,1
BRDA:32,12,0,1
BRDA:41,13,0,2
BRDA:48,14,0,1
BRF:15
BRH:15
end_of_record
TN:
SF:src/components/navButtons/NavSocialMedia.tsx
FN:1,get
FN:1,NavSocialMedia
FNF:2
FNH:2
FNDA:32,get
FNDA:32,NavSocialMedia
DA:1,1
DA:2,32
DA:3,32
DA:4,32
DA:5,32
DA:6,32
DA:7,32
DA:8,32
DA:9,32
DA:10,32
DA:11,32
DA:12,32
DA:13,32
DA:14,32
DA:15,32
DA:16,32
DA:17,32
DA:18,32
LF:18
LH:18
BRDA:1,0,0,32
BRDA:1,1,0,32
BRF:2
BRH:2
end_of_record
TN:
SF:src/context/ContextProvider.tsx
FN:6,get
FN:6,ContextProvider
FNF:2
FNH:2
FNDA:13,get
FNDA:13,ContextProvider
DA:1,1
DA:2,1
DA:3,1
DA:4,1
DA:5,1
DA:6,1
DA:7,13
DA:8,13
DA:9,26
DA:10,13
DA:11,13
LF:11
LH:11
BRDA:6,0,0,13
BRDA:6,1,0,13
BRDA:8,2,0,26
BRF:3
BRH:3
end_of_record
TN:
SF:src/context/providers/QuestionProvider.tsx
FN:18,QuestionProvider
FN:74,useQuestions
FNF:2
FNH:2
FNDA:30,QuestionProvider
FNDA:87,useQuestions
DA:1,1
DA:2,1
DA:3,1
DA:4,1
DA:5,1
DA:6,1
DA:7,1
DA:8,1
DA:9,1
DA:10,1
DA:11,1
DA:12,1
DA:13,1
DA:14,1
DA:15,1
DA:16,1
DA:17,1
DA:18,1
DA:19,30
DA:20,30
DA:21,30
DA:22,30
DA:23,30
DA:24,30
DA:25,30
DA:26,30
DA:27,30
DA:28,30
DA:29,14
DA:30,14
DA:31,14
DA:32,14
DA:33,14
DA:34,14
DA:35,14
DA:36,30
DA:37,30
DA:38,30
DA:39,30
DA:40,0
DA:41,0
DA:42,0
DA:43,0
DA:44,30
DA:45,30
DA:46,30
DA:47,30
DA:48,0
DA:49,0
DA:50,0
DA:51,30
DA:52,30
DA:53,30
DA:54,30
DA:55,30
DA:56,30
DA:57,30
DA:58,30
DA:59,30
DA:60,30
DA:61,30
DA:62,30
DA:63,30
DA:64,30
DA:65,30
DA:66,30
DA:67,30
DA:68,30
DA:69,30
DA:70,30
DA:71,30
DA:72,30
DA:73,1
DA:74,1
DA:75,87
LF:75
LH:68
BRDA:18,0,0,30
BRDA:28,1,0,14
BRDA:29,2,0,0
BRDA:32,3,0,14
BRDA:74,4,0,87
BRF:5
BRH:4
end_of_record
TN:
SF:src/context/providers/UserProvider.tsx
FN:9,UserProvider
FN:27,useUsers
FNF:2
FNH:2
FNDA:21,UserProvider
FNDA:150,useUsers
DA:1,1
DA:2,1
DA:3,1
DA:4,1
DA:5,1
DA:6,1
DA:7,1
DA:8,1
DA:9,1
DA:10,21
DA:11,21
DA:12,21
DA:13,13
DA:14,13
DA:15,7
DA:16,7
DA:17,21
DA:18,21
DA:19,21
DA:20,21
DA:21,21
DA:22,21
DA:23,21
DA:24,21
DA:25,21
DA:26,1
DA:27,1
LF:27
LH:27
BRDA:9,0,0,21
BRDA:12,1,0,13
BRDA:14,2,0,7
BRDA:27,3,0,150
BRF:4
BRH:4
end_of_record
TN:
SF:src/pages/admin/index.tsx
FN:11,get
FN:11,Admin
FNF:2
FNH:2
FNDA:13,get
FNDA:4,Admin
DA:1,1
DA:2,1
DA:3,1
DA:4,1
DA:5,1
DA:6,1
DA:7,1
DA:8,1
DA:9,1
DA:10,1
DA:11,1
DA:12,4
DA:13,4
DA:14,4
DA:15,4
DA:16,4
DA:17,2
DA:18,1
DA:19,1
DA:20,2
DA:21,2
DA:22,4
DA:23,4
DA:24,4
DA:25,4
DA:26,4
DA:27,4
DA:28,1
DA:29,3
DA:30,3
DA:31,3
DA:32,3
DA:33,3
DA:34,3
DA:35,3
DA:36,3
DA:37,3
DA:38,3
DA:39,3
DA:40,3
DA:41,3
DA:42,3
DA:43,3
DA:44,3
DA:45,3
DA:46,4
DA:47,4
DA:48,4
DA:49,4
DA:50,4
LF:50
LH:50
BRDA:11,0,0,13
BRDA:11,1,0,4
BRDA:27,2,0,1
BRDA:28,3,0,3
BRDA:46,4,0,3
BRDA:46,5,0,1
BRDA:16,6,0,2
BRDA:17,7,0,1
BRDA:40,8,0,3
BRDA:41,9,0,1
BRF:10
BRH:10
end_of_record
TN:
SF:src/pages/home/index.tsx
FN:8,get
FN:8,Home
FNF:2
FNH:2
FNDA:13,get
FNDA:7,Home
DA:1,1
DA:2,1
DA:3,1
DA:4,1
DA:5,1
DA:6,1
DA:7,1
DA:8,1
DA:9,7
DA:10,7
DA:11,7
DA:12,4
DA:13,7
DA:14,7
DA:15,7
DA:16,7
DA:17,7
DA:18,7
DA:19,7
DA:20,7
DA:21,7
DA:22,7
DA:23,7
DA:24,7
DA:25,7
DA:26,7
DA:27,7
DA:28,7
DA:29,7
DA:30,7
DA:31,7
DA:32,7
DA:33,7
DA:34,7
LF:34
LH:34
BRDA:8,0,0,13
BRDA:8,1,0,7
BRDA:11,2,0,4
BRDA:26,3,0,9
BRF:4
BRH:4
end_of_record
TN:
SF:src/pages/login/index.tsx
FN:14,get
FN:14,Login
FN:42,onSubmitHandler
FN:102,onClick
FNF:4
FNH:4
FNDA:13,get
FNDA:17,Login
FNDA:2,onSubmitHandler
FNDA:1,onClick
DA:1,1
DA:2,1
DA:3,1
DA:4,1
DA:5,1
DA:6,1
DA:7,1
DA:8,1
DA:9,1
DA:10,1
DA:11,1
DA:12,1
DA:13,1
DA:14,1
DA:15,17
DA:16,17
DA:17,17
DA:18,17
DA:19,17
DA:20,17
DA:21,17
DA:22,17
DA:23,17
DA:24,17
DA:25,17
DA:26,17
DA:27,17
DA:28,17
DA:29,17
DA:30,17
DA:31,17
DA:32,7
DA:33,7
DA:34,4
DA:35,4
DA:36,4
DA:37,4
DA:38,4
DA:39,4
DA:40,17
DA:41,17
DA:42,17
DA:43,2
DA:44,2
DA:45,2
DA:46,1
DA:47,1
DA:48,1
DA:49,1
DA:50,1
DA:51,2
DA:52,1
DA:53,1
DA:54,2
DA:55,2
DA:56,17
DA:57,17
DA:58,17
DA:59,17
DA:60,17
DA:61,17
DA:62,17
DA:63,17
DA:64,17
DA:65,17
DA:66,17
DA:67,17
DA:68,17
DA:69,17
DA:70,17
DA:71,17
DA:72,17
DA:73,17
DA:74,17
DA:75,17
DA:76,17
DA:77,17
DA:78,17
DA:79,17
DA:80,17
DA:81,17
DA:82,17
DA:83,17
DA:84,17
DA:85,17
DA:86,17
DA:87,17
DA:88,17
DA:89,17
DA:90,17
DA:91,17
DA:92,17
DA:93,17
DA:94,17
DA:95,17
DA:96,17
DA:97,17
DA:98,17
DA:99,17
DA:100,17
DA:101,17
DA:102,17
DA:103,17
DA:104,17
DA:105,17
DA:106,17
DA:107,17
DA:108,17
DA:109,17
LF:109
LH:109
BRDA:14,0,0,13
BRDA:14,1,0,17
BRDA:77,2,0,16
BRDA:77,3,0,3
BRDA:91,4,0,4
BRDA:31,5,0,7
BRDA:33,6,0,4
BRDA:34,7,0,4
BRDA:42,8,0,2
BRDA:45,9,0,1
BRDA:51,10,0,1
BRDA:102,11,0,1
BRF:12
BRH:12
end_of_record
TN:
SF:src/pages/member/index.tsx
FN:11,get
FN:11,Member
FNF:2
FNH:2
FNDA:13,get
FNDA:4,Member
DA:1,1
DA:2,1
DA:3,1
DA:4,1
DA:5,1
DA:6,1
DA:7,1
DA:8,1
DA:9,1
DA:10,1
DA:11,1
DA:12,4
DA:13,4
DA:14,4
DA:15,4
DA:16,4
DA:17,4
DA:18,0
DA:19,0
DA:20,4
DA:21,4
DA:22,4
DA:23,4
DA:24,4
DA:25,4
DA:26,4
DA:27,4
DA:28,1
DA:29,3
DA:30,3
DA:31,3
DA:32,3
DA:33,3
DA:34,3
DA:35,3
DA:36,3
DA:37,3
DA:38,3
DA:39,3
DA:40,3
DA:41,3
DA:42,3
DA:43,3
DA:44,3
DA:45,3
DA:46,4
DA:47,4
DA:48,4
DA:49,4
DA:50,4
LF:50
LH:48
BRDA:11,0,0,13
BRDA:11,1,0,4
BRDA:27,2,0,1
BRDA:28,3,0,3
BRDA:46,4,0,3
BRDA:46,5,0,1
BRDA:16,6,0,4
BRDA:17,7,0,0
BRDA:40,8,0,6
BRDA:41,9,0,4
BRF:10
BRH:9
end_of_record
TN:
SF:src/pages/member/components/QuestionCard.tsx
FN:10,get
FN:10,QuestionCard
FN:42,handleToggle
FN:71,onClick
FN:80,onClick
FN:84,onClick
FN:97,onError
FNF:7
FNH:2
FNDA:14,get
FNDA:17,QuestionCard
FNDA:0,handleToggle
FNDA:0,onClick
FNDA:0,onClick
FNDA:0,onClick
FNDA:0,onError
DA:1,1
DA:2,1
DA:3,1
DA:4,1
DA:5,1
DA:6,1
DA:7,1
DA:8,1
DA:9,1
DA:10,1
DA:11,17
DA:12,17
DA:13,17
DA:14,17
DA:15,17
DA:16,17
DA:17,17
DA:18,17
DA:19,17
DA:20,17
DA:21,17
DA:22,17
DA:23,17
DA:24,16
DA:25,8
DA:26,8
DA:27,0
DA:28,0
DA:29,0
DA:30,0
DA:31,8
DA:32,8
DA:33,8
DA:34,8
DA:35,8
DA:36,4
DA:37,4
DA:38,8
DA:39,8
DA:40,17
DA:41,17
DA:42,17
DA:43,0
DA:44,0
DA:45,17
DA:46,17
DA:47,17
DA:48,17
DA:49,17
DA:50,17
DA:51,17
DA:52,17
DA:53,17
DA:54,17
DA:55,17
DA:56,17
DA:57,8
DA:58,8
DA:59,8
DA:60,8
DA:61,0
DA:62,0
DA:63,8
DA:64,8
DA:65,8
DA:66,8
DA:67,8
DA:68,1
DA:69,1
DA:70,1
DA:71,1
DA:72,1
DA:73,1
DA:74,1
DA:75,8
DA:76,8
DA:77,1
DA:78,1
DA:79,1
DA:80,1
DA:81,1
DA:82,1
DA:83,1
DA:84,1
DA:85,1
DA:86,1
DA:87,1
DA:88,8
DA:89,8
DA:90,8
DA:91,8
DA:92,17
DA:93,17
DA:94,17
DA:95,17
DA:96,17
DA:97,17
DA:98,0
DA:99,0
DA:100,0
DA:101,17
DA:102,17
DA:103,17
DA:104,17
DA:105,17
DA:106,17
DA:107,17
LF:107
LH:96
BRDA:10,0,0,14
BRDA:10,1,0,17
BRDA:56,2,0,8
BRDA:60,3,0,0
BRDA:66,4,0,0
BRDA:67,5,0,1
BRDA:75,6,0,7
BRDA:76,7,0,1
BRDA:88,8,0,7
BRDA:92,9,0,9
BRDA:23,10,0,16
BRDA:24,11,0,8
BRDA:25,12,0,8
BRDA:26,13,0,0
BRDA:31,14,0,4
BRDA:31,15,0,4
BRDA:34,16,0,8
BRDA:35,17,0,4
BRF:18
BRH:15
end_of_record
TN:
SF:src/pages/member/components/QuestionForm.tsx
FN:9,get
FN:9,QuestionForm
FN:22,onSubmit
FN:66,onClick
FNF:4
FNH:2
FNDA:2,get
FNDA:2,QuestionForm
FNDA:0,onSubmit
FNDA:0,onClick
DA:1,1
DA:2,1
DA:3,1
DA:4,1
DA:5,1
DA:6,1
DA:7,1
DA:8,1
DA:9,1
DA:10,2
DA:11,2
DA:12,2
DA:13,2
DA:14,2
DA:15,2
DA:16,2
DA:17,2
DA:18,2
DA:19,2
DA:20,2
DA:21,2
DA:22,2
DA:23,0
DA:24,0
DA:25,0
DA:26,0
DA:27,0
DA:28,0
DA:29,0
DA:30,0
DA:31,2
DA:32,2
DA:33,2
DA:34,2
DA:35,2
DA:36,2
DA:37,2
DA:38,2
DA:39,2
DA:40,2
DA:41,2
DA:42,2
DA:43,2
DA:44,2
DA:45,2
DA:46,2
DA:47,2
DA:48,2
DA:49,2
DA:50,2
DA:51,2
DA:52,2
DA:53,2
DA:54,2
DA:55,2
DA:56,2
DA:57,2
DA:58,2
DA:59,2
DA:60,2
DA:61,2
DA:62,2
DA:63,2
DA:64,2
DA:65,2
DA:66,2
DA:67,2
DA:68,2
DA:69,2
DA:70,2
DA:71,2
DA:72,2
DA:73,2
LF:73
LH:65
BRDA:9,0,0,2
BRDA:9,1,0,2
BRDA:51,2,0,0
BRDA:64,3,0,0
BRF:4
BRH:2
end_of_record
TN:
SF:src/pages/question/index.tsx
FN:13,get
FN:13,Question
FNF:2
FNH:1
FNDA:13,get
FNDA:0,Question
DA:1,1
DA:2,1
DA:3,1
DA:4,1
DA:5,1
DA:6,1
DA:7,1
DA:8,1
DA:9,1
DA:10,1
DA:11,1
DA:12,1
DA:13,1
DA:14,0
DA:15,0
DA:16,0
DA:17,0
DA:18,0
DA:19,0
DA:20,0
DA:21,0
DA:22,0
DA:23,0
DA:24,0
DA:25,0
DA:26,0
DA:27,0
DA:28,0
DA:29,0
DA:30,0
DA:31,0
DA:32,0
DA:33,0
DA:34,0
DA:35,0
DA:36,0
DA:37,0
DA:38,0
DA:39,0
DA:40,0
DA:41,0
DA:42,0
DA:43,0
DA:44,0
DA:45,0
DA:46,0
DA:47,0
DA:48,0
DA:49,0
DA:50,0
DA:51,0
DA:52,0
DA:53,0
DA:54,0
DA:55,0
DA:56,0
DA:57,0
DA:58,0
DA:59,0
DA:60,0
DA:61,0
DA:62,0
DA:63,0
DA:64,0
DA:65,0
DA:66,0
DA:67,0
DA:68,0
DA:69,0
DA:70,0
DA:71,0
DA:72,0
DA:73,0
DA:74,0
DA:75,0
DA:76,0
DA:77,0
DA:78,0
DA:79,0
DA:80,0
DA:81,0
DA:82,0
DA:83,0
DA:84,0
DA:85,0
DA:86,0
DA:87,0
DA:88,0
DA:89,0
DA:90,0
DA:91,0
DA:92,0
DA:93,0
DA:94,0
DA:95,0
DA:96,0
LF:96
LH:13
BRDA:13,0,0,13
BRF:1
BRH:1
end_of_record
TN:
SF:src/pages/register/index.tsx
FN:13,get
FN:13,Register
FNF:2
FNH:1
FNDA:13,get
FNDA:0,Register
DA:1,1
DA:2,1
DA:3,1
DA:4,1
DA:5,1
DA:6,1
DA:7,1
DA:8,1
DA:9,1
DA:10,1
DA:11,1
DA:12,1
DA:13,1
DA:14,0
DA:15,0
DA:16,0
DA:17,0
DA:18,0
DA:19,0
DA:20,0
DA:21,0
DA:22,0
DA:23,0
DA:24,0
DA:25,0
DA:26,0
DA:27,0
DA:28,0
DA:29,0
DA:30,0
DA:31,0
DA:32,0
DA:33,0
DA:34,0
DA:35,0
DA:36,0
DA:37,0
DA:38,0
DA:39,0
DA:40,0
DA:41,0
DA:42,0
DA:43,0
DA:44,0
DA:45,0
DA:46,0
DA:47,0
DA:48,0
DA:49,0
DA:50,0
DA:51,0
DA:52,0
DA:53,0
DA:54,0
DA:55,0
DA:56,0
DA:57,0
DA:58,0
DA:59,0
DA:60,0
DA:61,0
DA:62,0
DA:63,0
DA:64,0
DA:65,0
DA:66,0
DA:67,0
DA:68,0
DA:69,0
DA:70,0
DA:71,0
DA:72,0
DA:73,0
DA:74,0
DA:75,0
DA:76,0
DA:77,0
DA:78,0
DA:79,0
DA:80,0
DA:81,0
DA:82,0
DA:83,0
DA:84,0
DA:85,0
DA:86,0
DA:87,0
DA:88,0
DA:89,0
DA:90,0
DA:91,0
DA:92,0
DA:93,0
DA:94,0
DA:95,0
DA:96,0
DA:97,0
DA:98,0
DA:99,0
DA:100,0
DA:101,0
DA:102,0
DA:103,0
DA:104,0
DA:105,0
DA:106,0
DA:107,0
DA:108,0
DA:109,0
DA:110,0
DA:111,0
DA:112,0
DA:113,0
DA:114,0
DA:115,0
DA:116,0
DA:117,0
DA:118,0
DA:119,0
DA:120,0
DA:121,0
DA:122,0
DA:123,0
DA:124,0
DA:125,0
DA:126,0
DA:127,0
DA:128,0
DA:129,0
DA:130,0
DA:131,0
DA:132,0
DA:133,0
DA:134,0
DA:135,0
DA:136,0
DA:137,0
LF:137
LH:13
BRDA:13,0,0,13
BRF:1
BRH:1
end_of_record
TN:
SF:src/routes/index.tsx
FN:40,get
FN:9,Routes
FNF:2
FNH:2
FNDA:13,get
FNDA:13,Routes
DA:1,1
DA:2,1
DA:3,1
DA:4,1
DA:5,1
DA:6,1
DA:7,1
DA:8,1
DA:9,13
DA:10,13
DA:11,13
DA:12,13
DA:13,13
DA:14,13
DA:15,13
DA:16,13
DA:17,13
DA:18,13
DA:19,13
DA:20,13
DA:21,13
DA:22,13
DA:23,13
DA:24,13
DA:25,13
DA:26,13
DA:27,13
DA:28,13
DA:29,13
DA:30,13
DA:31,13
DA:32,13
DA:33,13
DA:34,13
DA:35,13
DA:36,13
DA:37,13
DA:38,13
DA:39,1
DA:40,1
LF:40
LH:40
BRDA:40,0,0,13
BRDA:9,1,0,13
BRF:2
BRH:2
end_of_record
TN:
SF:src/schemas/loginSchema.tsx
FN:3,get
FNF:1
FNH:1
FNDA:17,get
DA:1,1
DA:2,1
DA:3,1
DA:4,1
DA:5,1
DA:6,1
DA:7,1
DA:8,1
DA:9,1
DA:10,1
LF:10
LH:10
BRDA:3,0,0,17
BRF:1
BRH:1
end_of_record
TN:
SF:src/schemas/questionSchema.tsx
FN:3,get
FNF:1
FNH:1
FNDA:2,get
DA:1,1
DA:2,1
DA:3,1
DA:4,1
DA:5,1
DA:6,1
DA:7,1
DA:8,1
DA:9,1
DA:10,1
DA:11,1
DA:12,1
DA:13,1
LF:13
LH:13
BRDA:3,0,0,2
BRF:1
BRH:1
end_of_record
TN:
SF:src/schemas/registerSchema.tsx
FN:3,get
FNF:1
FNH:0
FNDA:0,get
DA:1,1
DA:2,1
DA:3,1
DA:4,1
DA:5,1
DA:6,1
DA:7,1
DA:8,1
DA:9,1
DA:10,1
DA:11,1
DA:12,1
DA:13,1
DA:14,1
DA:15,1
DA:16,1
DA:17,1
DA:18,1
DA:19,1
DA:20,1
DA:21,1
DA:22,1
DA:23,1
DA:24,1
LF:24
LH:24
BRF:0
BRH:0
end_of_record
TN:
SF:src/services/apiRequest.tsx
FN:38,get
FN:15,request
FNF:2
FNH:2
FNDA:32,get
FNDA:32,request
DA:1,1
DA:2,1
DA:3,1
DA:4,1
DA:5,1
DA:6,1
DA:7,1
DA:8,1
DA:9,1
DA:10,1
DA:11,1
DA:12,1
DA:13,1
DA:14,1
DA:15,32
DA:16,32
DA:17,32
DA:18,32
DA:19,32
DA:20,32
DA:21,32
DA:22,32
DA:23,32
DA:24,32
DA:25,32
DA:26,32
DA:27,32
DA:28,32
DA:29,32
DA:30,32
DA:31,32
DA:32,32
DA:33,32
DA:34,32
DA:35,31
DA:36,31
DA:37,1
DA:38,1
LF:38
LH:38
BRDA:38,0,0,32
BRDA:8,1,0,3
BRDA:15,2,0,32
BRDA:34,3,0,31
BRF:4
BRH:4
end_of_record
TN:
SF:src/services/apiService.tsx
FN:62,get
FN:9,signIN
FN:15,signUP
FN:21,registerQuestion
FN:27,getAllQuestions
FN:40,getQuestionById
FN:44,updateQuestion
FN:53,deleteQuestion
FN:57,getUserById
FNF:9
FNH:5
FNDA:32,get
FNDA:2,signIN
FNDA:0,signUP
FNDA:0,registerQuestion
FNDA:14,getAllQuestions
FNDA:8,getQuestionById
FNDA:0,updateQuestion
FNDA:0,deleteQuestion
FNDA:8,getUserById
DA:1,1
DA:2,1
DA:3,1
DA:4,1
DA:5,1
DA:6,1
DA:7,1
DA:8,1
DA:9,1
DA:10,2
DA:11,2
DA:12,2
DA:13,2
DA:14,1
DA:15,1
DA:16,0
DA:17,0
DA:18,0
DA:19,0
DA:20,1
DA:21,1
DA:22,0
DA:23,0
DA:24,0
DA:25,0
DA:26,1
DA:27,1
DA:28,14
DA:29,14
DA:30,14
DA:31,14
DA:32,14
DA:33,14
DA:34,14
DA:35,14
DA:36,14
DA:37,14
DA:38,14
DA:39,1
DA:40,1
DA:41,8
DA:42,8
DA:43,1
DA:44,1
DA:45,0
DA:46,0
DA:47,0
DA:48,0
DA:49,0
DA:50,0
DA:51,0
DA:52,1
DA:53,1
DA:54,0
DA:55,0
DA:56,1
DA:57,1
DA:58,8
DA:59,8
DA:60,1
DA:61,1
DA:62,1
LF:62
LH:45
BRDA:62,0,0,32
BRDA:9,1,0,2
BRDA:27,2,0,14
BRDA:40,3,0,8
BRDA:57,4,0,8
BRF:5
BRH:5
end_of_record
TN:
SF:src/utils/getFavicon.tsx
FN:1,get
FN:1,getFavicon
FNF:2
FNH:2
FNDA:17,get
FNDA:17,getFavicon
DA:1,1
DA:2,17
DA:3,17
DA:4,17
DA:5,17
LF:5
LH:5
BRDA:1,0,0,17
BRDA:1,1,0,17
BRF:2
BRH:2
end_of_record
TN:
SF:src/utils/localStorage.tsx
FN:3,saveUser
FN:7,getUser
FN:14,removeUser
FNF:3
FNH:3
FNDA:5,saveUser
FNDA:62,getUser
FNDA:1,removeUser
DA:1,1
DA:2,1
DA:3,1
DA:4,5
DA:5,5
DA:6,1
DA:7,1
DA:8,62
DA:9,62
DA:10,43
DA:11,43
DA:12,62
DA:13,1
DA:14,1
LF:14
LH:14
BRDA:3,0,0,5
BRDA:7,1,0,62
BRDA:9,2,0,43
BRDA:14,3,0,1
BRF:4
BRH:4
end_of_record
